<?xml version="1.0" encoding="UTF-8"?>
<!-- Generated by org.testng.reporters.JUnitReportReporter -->
<testsuite skipped="0" hostname="DESKTOP-3OR8M0T" name="IntegrationTest.validateNavigationBar" tests="1" failures="0" timestamp="25 Apr 2019 18:02:10 GMT" time="2.261" errors="0">
  <testcase name="validateAppNavigationBar" time="2.261" classname="IntegrationTest.validateNavigationBar"/>
</testsuite> <!-- IntegrationTest.validateNavigationBar -->
