<?xml version="1.0" encoding="UTF-8"?>
<!-- Generated by org.testng.reporters.JUnitReportReporter -->
<testsuite skipped="0" hostname="DESKTOP-3OR8M0T" name="IntegrationTest.HomePage" tests="2" failures="0" timestamp="25 Apr 2019 18:02:10 GMT" time="87.450" errors="0">
  <testcase name="basePageNavigation" time="47.269" classname="IntegrationTest.HomePage"/>
  <testcase name="basePageNavigation" time="40.181" classname="IntegrationTest.HomePage"/>
</testsuite> <!-- IntegrationTest.HomePage -->
