<?xml version="1.0" encoding="UTF-8"?>
<!-- Generated by org.testng.reporters.JUnitReportReporter -->
<testsuite skipped="0" hostname="DESKTOP-3OR8M0T" name="IntegrationTest.validateTitle" tests="1" failures="0" timestamp="25 Apr 2019 18:02:10 GMT" time="3.189" errors="0">
  <testcase name="validateAppTitle" time="3.189" classname="IntegrationTest.validateTitle"/>
</testsuite> <!-- IntegrationTest.validateTitle -->
