<?xml version="1.0" encoding="UTF-8"?>
<!-- Generated by org.testng.reporters.JUnitReportReporter -->
<testsuite hostname="DESKTOP-3OR8M0T" name="IntegrationTest.HomePage" tests="2" failures="0" timestamp="25 Apr 2019 17:17:07 GMT" time="84.030" errors="0">
  <testcase name="basePageNavigation" time="48.476" classname="IntegrationTest.HomePage"/>
  <testcase name="basePageNavigation" time="35.554" classname="IntegrationTest.HomePage"/>
</testsuite> <!-- IntegrationTest.HomePage -->
