<?xml version="1.0" encoding="UTF-8"?>
<!-- Generated by org.testng.reporters.JUnitReportReporter -->
<testsuite hostname="DESKTOP-3OR8M0T" name="IntegrationTest.validateTitle" tests="1" failures="0" timestamp="25 Apr 2019 17:58:21 GMT" time="0.773" errors="0">
  <testcase name="validateAppTitle" time="0.773" classname="IntegrationTest.validateTitle"/>
</testsuite> <!-- IntegrationTest.validateTitle -->
