<?xml version="1.0" encoding="UTF-8"?>
<!-- Generated by org.testng.reporters.JUnitReportReporter -->
<testsuite hostname="DESKTOP-3OR8M0T" name="IntegrationTest.validateNavigationBar" tests="1" failures="0" timestamp="25 Apr 2019 17:58:21 GMT" time="1.873" errors="0">
  <testcase name="validateAppNavigationBar" time="1.873" classname="IntegrationTest.validateNavigationBar"/>
</testsuite> <!-- IntegrationTest.validateNavigationBar -->
