<?xml version="1.0" encoding="UTF-8"?>
<!-- Generated by org.testng.reporters.JUnitReportReporter -->
<testsuite skipped="0" hostname="DESKTOP-3OR8M0T" name="IntegrationTest.HomePage" tests="2" failures="0" timestamp="25 Apr 2019 15:41:39 GMT" time="115.924" errors="0">
  <testcase name="basePageNavigation" time="41.548" classname="IntegrationTest.HomePage"/>
  <testcase name="basePageNavigation" time="74.376" classname="IntegrationTest.HomePage"/>
</testsuite> <!-- IntegrationTest.HomePage -->
