<?xml version="1.0" encoding="UTF-8"?>
<!-- Generated by org.testng.reporters.JUnitReportReporter -->
<testsuite skipped="0" hostname="DESKTOP-3OR8M0T" name="IntegrationTest.validateNavigationBar" tests="1" failures="0" timestamp="25 Apr 2019 15:41:39 GMT" time="5.079" errors="0">
  <testcase name="validateAppNavigationBar" time="5.079" classname="IntegrationTest.validateNavigationBar"/>
</testsuite> <!-- IntegrationTest.validateNavigationBar -->
